{"numFailedTestSuites":0,"numFailedTests":0,"numPassedTestSuites":1,"numPassedTests":2,"numPendingTestSuites":0,"numPendingTests":0,"numRuntimeErrorTestSuites":0,"numTodoTests":0,"numTotalTestSuites":1,"numTotalTests":2,"openHandles":[],"snapshot":{"added":0,"didUpdate":false,"failure":false,"filesAdded":0,"filesRemoved":0,"filesRemovedList":[],"filesUnmatched":0,"filesUpdated":0,"matched":0,"total":0,"unchecked":0,"uncheckedKeysByFile":[],"unmatched":0,"updated":0},"startTime":1786568037653,"success":true,"testResults":[{"assertionResults":[{"ancestorTitles":[],"duration":4,"failing":false,"failureDetails":[],"failureMessages":[],"fullName":"adds 2 - 3 to equal 5","invocations":1,"location":null,"numPassingAsserts":1,"retryReasons":[],"startAt":1786568046319,"status":"passed","title":"adds 2 - 3 to equal 5"},{"ancestorTitles":[],"duration":1,"failing":false,"failureDetails":[],"failureMessages":[],"fullName":"adds negative numbers correctly","invocations":1,"location":null,"numPassingAsserts":1,"retryReasons":[],"startAt":1786568046325,"status":"passed","title":"adds negative numbers correctly"}],"endTime":1786568046330,"message":"","name":"C:\\Users\\yashs\\Downloads\\python-for-devops\\ci-cd_practice\\math.test.js","startTime":1786568039408,"status":"passed","summary":""}],"wasInterrupted":false}
